{"uuid":"9f172736-bcfd-494e-be9c-8574f23b6426","name":"test login2","children":["3549afd9-02b6-4f4f-b8fa-dfd8b3cfad34","7c255182-3226-4bfc-ab95-00e3da457b58"],"befores":[{"name":"setupDriver","status":"broken","statusDetails":{"known":false,"muted":false,"flaky":false,"message":"Could not start a new session. Possible causes are invalid address of the remote server or browser start-up failure. \nHost info: host: 'DESKTOP-19DD2A2', ip: '192.168.1.4'","trace":"org.openqa.selenium.SessionNotCreatedException: Could not start a new session. Possible causes are invalid address of the remote server or browser start-up failure. \nHost info: host: 'DESKTOP-19DD2A2', ip: '192.168.1.4'\r\n\tat org.openqa.selenium.remote.RemoteWebDriver.execute(RemoteWebDriver.java:536)\r\n\tat org.openqa.selenium.remote.RemoteWebDriver.startSession(RemoteWebDriver.java:232)\r\n\tat org.openqa.selenium.remote.RemoteWebDriver.<init>(RemoteWebDriver.java:159)\r\n\tat org.openqa.selenium.chromium.ChromiumDriver.<init>(ChromiumDriver.java:108)\r\n\tat org.openqa.selenium.chrome.ChromeDriver.<init>(ChromeDriver.java:88)\r\n\tat org.openqa.selenium.chrome.ChromeDriver.<init>(ChromeDriver.java:83)\r\n\tat org.openqa.selenium.chrome.ChromeDriver.<init>(ChromeDriver.java:72)\r\n\tat drivers.DriverFactory.getNewInstance(DriverFactory.java:46)\r\n\tat base.BaseTests.setupDriver(BaseTests.java:38)\r\n\tat java.base/jdk.internal.reflect.DirectMethodHandleAccessor.invoke(DirectMethodHandleAccessor.java:103)\r\n\tat java.base/java.lang.reflect.Method.invoke(Method.java:580)\r\n\tat org.testng.internal.invokers.MethodInvocationHelper.invokeMethod(MethodInvocationHelper.java:139)\r\n\tat org.testng.internal.invokers.MethodInvocationHelper.invokeMethodConsideringTimeout(MethodInvocationHelper.java:69)\r\n\tat org.testng.internal.invokers.ConfigInvoker.invokeConfigurationMethod(ConfigInvoker.java:390)\r\n\tat org.testng.internal.invokers.ConfigInvoker.invokeConfigurations(ConfigInvoker.java:325)\r\n\tat org.testng.TestRunner.invokeTestConfigurations(TestRunner.java:663)\r\n\tat org.testng.TestRunner.beforeRun(TestRunner.java:652)\r\n\tat org.testng.TestRunner.run(TestRunner.java:614)\r\n\tat org.testng.SuiteRunner.runTest(SuiteRunner.java:443)\r\n\tat org.testng.SuiteRunner.runSequentially(SuiteRunner.java:437)\r\n\tat org.testng.SuiteRunner.privateRun(SuiteRunner.java:397)\r\n\tat org.testng.SuiteRunner.run(SuiteRunner.java:336)\r\n\tat org.testng.SuiteRunnerWorker.runSuite(SuiteRunnerWorker.java:52)\r\n\tat org.testng.SuiteRunnerWorker.run(SuiteRunnerWorker.java:95)\r\n\tat org.testng.TestNG.runSuitesSequentially(TestNG.java:1280)\r\n\tat org.testng.TestNG.runSuitesLocally(TestNG.java:1200)\r\n\tat org.testng.TestNG.runSuites(TestNG.java:1114)\r\n\tat org.testng.TestNG.run(TestNG.java:1082)\r\n\tat com.intellij.rt.testng.IDEARemoteTestNG.run(IDEARemoteTestNG.java:65)\r\n\tat com.intellij.rt.testng.RemoteTestNGStarter.main(RemoteTestNGStarter.java:105)\r\nCaused by: org.openqa.selenium.WebDriverException: java.lang.InterruptedException: sleep interrupted\nBuild info: version: '4.11.0', revision: '040bc5406b'\nSystem info: os.name: 'Windows 10', os.arch: 'amd64', os.version: '10.0', java.version: '21.0.1'\nDriver info: driver.version: ChromeDriver\r\n\tat org.openqa.selenium.os.OsProcess$SeleniumWatchDog.waitForProcessStarted(OsProcess.java:254)\r\n\tat org.openqa.selenium.os.OsProcess$SeleniumWatchDog.access$000(OsProcess.java:227)\r\n\tat org.openqa.selenium.os.OsProcess.waitForProcessStarted(OsProcess.java:111)\r\n\tat org.openqa.selenium.os.CommandLine.waitForProcessStarted(CommandLine.java:103)\r\n\tat org.openqa.selenium.remote.service.DriverService.start(DriverService.java:202)\r\n\tat org.openqa.selenium.remote.service.DriverCommandExecutor.execute(DriverCommandExecutor.java:119)\r\n\tat org.openqa.selenium.remote.RemoteWebDriver.execute(RemoteWebDriver.java:518)\r\n\t... 29 more\r\nCaused by: java.lang.InterruptedException: sleep interrupted\r\n\tat java.base/java.lang.Thread.sleep0(Native Method)\r\n\tat java.base/java.lang.Thread.sleep(Thread.java:509)\r\n\tat org.openqa.selenium.os.OsProcess$SeleniumWatchDog.waitForProcessStarted(OsProcess.java:251)\r\n\t... 35 more\r\n"},"stage":"finished","description":"","steps":[],"attachments":[],"parameters":[],"start":1712060123939,"stop":1712060124056}],"afters":[{"name":"tearDown","status":"broken","stage":"finished","description":"","steps":[],"attachments":[],"parameters":[],"start":1712060124245,"stop":1712060124246}],"start":1712060123938,"stop":1712060124246}